<?xml version="1.0" encoding="UTF-8"?>
<testsuite xmlns:xsi="http://www.w3.org/2001/XMLSchema-instance" xsi:noNamespaceSchemaLocation="https://maven.apache.org/surefire/maven-surefire-plugin/xsd/surefire-test-report-3.0.xsd" version="3.0" name="TriangleTest" time="0.134" tests="12" errors="0" skipped="0" failures="0">
  <properties>
[...]
</properties>
  <testcase name="testIsoscelesWhenAEqualsB" classname="TriangleTest" time="0.07"/>
  <testcase name="testIsoscelesWhenAEqualsC" classname="TriangleTest" time="0.0"/>
  <testcase name="testScaleneTriangle" classname="TriangleTest" time="0.001"/>
  <testcase name="testNotTriangleWhenABLessThanOrEqualC" classname="TriangleTest" time="0.001"/>
  <testcase name="testInvalidWhenAIsZero" classname="TriangleTest" time="0.001"/>
  <testcase name="testNotTriangleWhenBCLessThanOrEqualA" classname="TriangleTest" time="0.0"/>
  <testcase name="testIsoscelesWhenBEqualsC" classname="TriangleTest" time="0.001"/>
  <testcase name="testInvalidWhenBIsZero" classname="TriangleTest" time="0.001"/>
  <testcase name="testNotTriangleWhenACLessThanOrEqualB" classname="TriangleTest" time="0.001"/>
  <testcase name="testEquilateralTriangle" classname="TriangleTest" time="0.001"/>
  <testcase name="testInvalidWhenCIsZero" classname="TriangleTest" time="0.001"/>
  <testcase name="testConstructor" classname="TriangleTest" time="0.001"/>
</testsuite>